<?xml version="1.0" encoding="UTF-8"?>
<coverage generated="1623700601815" clover="3.2.0">
  <project timestamp="1623700601815" name="All files">
    <metrics statements="193" coveredstatements="188" conditionals="43" coveredconditionals="39" methods="34" coveredmethods="34" elements="270" coveredelements="261" complexity="0" loc="193" ncloc="193" packages="2" files="3" classes="3"/>
    <package name="src">
      <metrics statements="69" coveredstatements="68" conditionals="14" coveredconditionals="14" methods="13" coveredmethods="13"/>
      <file name="App.vue" path="/Users/milindadias/Workspaces/annotationtesting/rskj-docs-generator/rskj-docs-html-generator/rskj-docs/src/App.vue">
        <metrics statements="69" coveredstatements="68" conditionals="14" coveredconditionals="14" methods="13" coveredmethods="13"/>
        <line num="158" count="1" type="stmt"/>
        <line num="162" count="1" type="stmt"/>
        <line num="164" count="1" type="stmt"/>
        <line num="166" count="1" type="stmt"/>
        <line num="168" count="1" type="stmt"/>
        <line num="170" count="1" type="stmt"/>
        <line num="172" count="1" type="stmt"/>
        <line num="174" count="1" type="stmt"/>
        <line num="177" count="1" type="stmt"/>
        <line num="179" count="1" type="stmt"/>
        <line num="181" count="1" type="stmt"/>
        <line num="185" count="1" type="stmt"/>
        <line num="187" count="1" type="stmt"/>
        <line num="189" count="1" type="stmt"/>
        <line num="228" count="1" type="stmt"/>
        <line num="229" count="12" type="stmt"/>
        <line num="231" count="12" type="stmt"/>
        <line num="233" count="12" type="stmt"/>
        <line num="244" count="12" type="stmt"/>
        <line num="250" count="12" type="stmt"/>
        <line num="251" count="12" type="stmt"/>
        <line num="255" count="1" type="stmt"/>
        <line num="256" count="2" type="cond" truecount="2" falsecount="0"/>
        <line num="257" count="1" type="stmt"/>
        <line num="260" count="0" type="stmt"/>
        <line num="264" count="12" type="stmt"/>
        <line num="266" count="12" type="cond" truecount="2" falsecount="0"/>
        <line num="267" count="1" type="stmt"/>
        <line num="268" count="1" type="stmt"/>
        <line num="270" count="1" type="stmt"/>
        <line num="272" count="11" type="stmt"/>
        <line num="273" count="11" type="stmt"/>
        <line num="278" count="12" type="stmt"/>
        <line num="280" count="12" type="cond" truecount="2" falsecount="0"/>
        <line num="284" count="12" type="stmt"/>
        <line num="286" count="12" type="cond" truecount="2" falsecount="0"/>
        <line num="287" count="3" type="stmt"/>
        <line num="288" count="3" type="cond" truecount="2" falsecount="0"/>
        <line num="289" count="2" type="stmt"/>
        <line num="290" count="2" type="stmt"/>
        <line num="294" count="1" type="stmt"/>
        <line num="295" count="1" type="stmt"/>
        <line num="296" count="1" type="stmt"/>
        <line num="297" count="1" type="stmt"/>
        <line num="301" count="1" type="stmt"/>
        <line num="308" count="4" type="stmt"/>
        <line num="309" count="4" type="stmt"/>
        <line num="310" count="4" type="stmt"/>
        <line num="314" count="1" type="stmt"/>
        <line num="315" count="1" type="stmt"/>
        <line num="319" count="3" type="stmt"/>
        <line num="320" count="3" type="cond" truecount="2" falsecount="0"/>
        <line num="321" count="2" type="stmt"/>
        <line num="322" count="2" type="stmt"/>
        <line num="324" count="1" type="stmt"/>
        <line num="325" count="1" type="stmt"/>
        <line num="330" count="16" type="stmt"/>
        <line num="331" count="16" type="stmt"/>
        <line num="335" count="3" type="stmt"/>
        <line num="336" count="3" type="cond" truecount="2" falsecount="0"/>
        <line num="338" count="2" type="stmt"/>
        <line num="342" count="1" type="stmt"/>
        <line num="343" count="1" type="stmt"/>
        <line num="346" count="1" type="stmt"/>
        <line num="347" count="1" type="stmt"/>
        <line num="348" count="1" type="stmt"/>
        <line num="349" count="1" type="stmt"/>
        <line num="358" count="1" type="stmt"/>
        <line num="359" count="1" type="stmt"/>
      </file>
    </package>
    <package name="src.components">
      <metrics statements="124" coveredstatements="120" conditionals="29" coveredconditionals="25" methods="21" coveredmethods="21"/>
      <file name="BlockResultDTOModel.vue" path="/Users/milindadias/Workspaces/annotationtesting/rskj-docs-generator/rskj-docs-html-generator/rskj-docs/src/components/BlockResultDTOModel.vue">
        <metrics statements="12" coveredstatements="12" conditionals="2" coveredconditionals="1" methods="4" coveredmethods="4"/>
        <line num="53" count="2" type="stmt"/>
        <line num="56" count="2" type="stmt"/>
        <line num="59" count="4" type="stmt"/>
        <line num="60" count="14" type="stmt"/>
        <line num="61" count="14" type="stmt"/>
        <line num="64" count="14" type="stmt"/>
        <line num="65" count="14" type="stmt"/>
        <line num="68" count="14" type="stmt"/>
        <line num="69" count="2" type="cond" truecount="1" falsecount="1"/>
        <line num="70" count="2" type="stmt"/>
        <line num="75" count="2" type="stmt"/>
        <line num="79" count="1" type="stmt"/>
      </file>
      <file name="EthgetBlockByNumber.vue" path="/Users/milindadias/Workspaces/annotationtesting/rskj-docs-generator/rskj-docs-html-generator/rskj-docs/src/components/EthgetBlockByNumber.vue">
        <metrics statements="112" coveredstatements="108" conditionals="27" coveredconditionals="24" methods="17" coveredmethods="17"/>
        <line num="473" count="3" type="stmt"/>
        <line num="474" count="3" type="stmt"/>
        <line num="475" count="3" type="stmt"/>
        <line num="476" count="3" type="stmt"/>
        <line num="477" count="3" type="stmt"/>
        <line num="480" count="3" type="stmt"/>
        <line num="484" count="3" type="stmt"/>
        <line num="488" count="6" type="stmt"/>
        <line num="489" count="31" type="stmt"/>
        <line num="490" count="31" type="stmt"/>
        <line num="492" count="31" type="stmt"/>
        <line num="493" count="31" type="stmt"/>
        <line num="494" count="31" type="stmt"/>
        <line num="495" count="31" type="stmt"/>
        <line num="496" count="31" type="stmt"/>
        <line num="498" count="31" type="stmt"/>
        <line num="499" count="31" type="stmt"/>
        <line num="501" count="31" type="stmt"/>
        <line num="502" count="31" type="stmt"/>
        <line num="504" count="31" type="stmt"/>
        <line num="505" count="31" type="stmt"/>
        <line num="507" count="31" type="stmt"/>
        <line num="510" count="1" type="stmt"/>
        <line num="514" count="4" type="stmt"/>
        <line num="516" count="4" type="cond" truecount="4" falsecount="0"/>
        <line num="517" count="2" type="stmt"/>
        <line num="520" count="4" type="stmt"/>
        <line num="524" count="1" type="stmt"/>
        <line num="528" count="1" type="stmt"/>
        <line num="529" count="1" type="stmt"/>
        <line num="530" count="1" type="stmt"/>
        <line num="531" count="1" type="stmt"/>
        <line num="536" count="13" type="stmt"/>
        <line num="539" count="13" type="stmt"/>
        <line num="541" count="13" type="stmt"/>
        <line num="543" count="5" type="stmt"/>
        <line num="544" count="5" type="stmt"/>
        <line num="546" count="8" type="stmt"/>
        <line num="547" count="8" type="stmt"/>
        <line num="549" count="0" type="stmt"/>
        <line num="550" count="0" type="stmt"/>
        <line num="555" count="17" type="stmt"/>
        <line num="556" count="17" type="cond" truecount="2" falsecount="0"/>
        <line num="557" count="14" type="stmt"/>
        <line num="558" count="14" type="stmt"/>
        <line num="559" count="14" type="stmt"/>
        <line num="561" count="14" type="cond" truecount="2" falsecount="0"/>
        <line num="562" count="11" type="stmt"/>
        <line num="563" count="11" type="stmt"/>
        <line num="564" count="3" type="cond" truecount="1" falsecount="1"/>
        <line num="566" count="3" type="stmt"/>
        <line num="567" count="3" type="stmt"/>
        <line num="570" count="3" type="stmt"/>
        <line num="571" count="3" type="stmt"/>
        <line num="573" count="3" type="cond" truecount="2" falsecount="0"/>
        <line num="574" count="2" type="stmt"/>
        <line num="575" count="2" type="stmt"/>
        <line num="576" count="1" type="cond" truecount="1" falsecount="1"/>
        <line num="577" count="1" type="stmt"/>
        <line num="578" count="1" type="stmt"/>
        <line num="596" count="1" type="stmt"/>
        <line num="597" count="1" type="stmt"/>
        <line num="598" count="1" type="stmt"/>
        <line num="612" count="3" type="stmt"/>
        <line num="613" count="3" type="stmt"/>
        <line num="618" count="3" type="stmt"/>
        <line num="622" count="1" type="stmt"/>
        <line num="623" count="1" type="stmt"/>
        <line num="624" count="0" type="stmt"/>
        <line num="627" count="1" type="stmt"/>
        <line num="632" count="8" type="stmt"/>
        <line num="633" count="8" type="stmt"/>
        <line num="635" count="8" type="stmt"/>
        <line num="638" count="8" type="stmt"/>
        <line num="640" count="6" type="stmt"/>
        <line num="641" count="5" type="stmt"/>
        <line num="642" count="5" type="stmt"/>
        <line num="648" count="5" type="stmt"/>
        <line num="651" count="5" type="cond" truecount="2" falsecount="0"/>
        <line num="652" count="4" type="stmt"/>
        <line num="657" count="3" type="stmt"/>
        <line num="658" count="3" type="stmt"/>
        <line num="659" count="3" type="stmt"/>
        <line num="660" count="1" type="stmt"/>
        <line num="664" count="1" type="stmt"/>
        <line num="667" count="2" type="stmt"/>
        <line num="668" count="2" type="stmt"/>
        <line num="670" count="2" type="stmt"/>
        <line num="674" count="2" type="stmt"/>
        <line num="680" count="5" type="stmt"/>
        <line num="681" count="5" type="cond" truecount="2" falsecount="0"/>
        <line num="682" count="2" type="stmt"/>
        <line num="683" count="2" type="stmt"/>
        <line num="686" count="3" type="stmt"/>
        <line num="687" count="3" type="stmt"/>
        <line num="689" count="3" type="stmt"/>
        <line num="690" count="3" type="stmt"/>
        <line num="692" count="3" type="stmt"/>
        <line num="694" count="1" type="stmt"/>
        <line num="696" count="1" type="stmt"/>
        <line num="697" count="1" type="stmt"/>
        <line num="702" count="1" type="stmt"/>
        <line num="705" count="1" type="stmt"/>
        <line num="706" count="1" type="stmt"/>
        <line num="709" count="1" type="stmt"/>
        <line num="715" count="1" type="stmt"/>
        <line num="718" count="0" type="stmt"/>
        <line num="723" count="1" type="stmt"/>
        <line num="728" count="1" type="stmt"/>
        <line num="729" count="1" type="stmt"/>
        <line num="730" count="1" type="stmt"/>
        <line num="734" count="1" type="stmt"/>
      </file>
    </package>
  </project>
</coverage>
