{"/Users/milindadias/Workspaces/annotationtesting/rskj-docs-generator/rskj-docs-html-generator/rskj-docs/src/App.vue": {"path":"/Users/milindadias/Workspaces/annotationtesting/rskj-docs-generator/rskj-docs-html-generator/rskj-docs/src/App.vue","statementMap":{"0":{"start":{"line":158,"column":0},"end":{"line":158,"column":null}},"1":{"start":{"line":162,"column":0},"end":{"line":162,"column":null}},"2":{"start":{"line":164,"column":0},"end":{"line":164,"column":null}},"3":{"start":{"line":166,"column":0},"end":{"line":166,"column":null}},"4":{"start":{"line":168,"column":0},"end":{"line":168,"column":null}},"5":{"start":{"line":170,"column":0},"end":{"line":170,"column":null}},"6":{"start":{"line":172,"column":0},"end":{"line":172,"column":null}},"7":{"start":{"line":174,"column":0},"end":{"line":174,"column":null}},"8":{"start":{"line":177,"column":0},"end":{"line":177,"column":null}},"9":{"start":{"line":179,"column":0},"end":{"line":179,"column":null}},"10":{"start":{"line":181,"column":0},"end":{"line":181,"column":null}},"11":{"start":{"line":185,"column":0},"end":{"line":185,"column":null}},"12":{"start":{"line":187,"column":0},"end":{"line":187,"column":null}},"13":{"start":{"line":189,"column":0},"end":{"line":189,"column":null}},"14":{"start":{"line":228,"column":0},"end":{"line":228,"column":null}},"15":{"start":{"line":229,"column":0},"end":{"line":229,"column":null}},"16":{"start":{"line":231,"column":0},"end":{"line":231,"column":null}},"17":{"start":{"line":233,"column":0},"end":{"line":239,"column":null}},"18":{"start":{"line":244,"column":0},"end":{"line":244,"column":null}},"19":{"start":{"line":250,"column":0},"end":{"line":250,"column":null}},"20":{"start":{"line":251,"column":0},"end":{"line":251,"column":null}},"21":{"start":{"line":255,"column":0},"end":{"line":259,"column":null}},"22":{"start":{"line":256,"column":0},"end":{"line":258,"column":null}},"23":{"start":{"line":257,"column":0},"end":{"line":257,"column":null}},"24":{"start":{"line":260,"column":0},"end":{"line":260,"column":null}},"25":{"start":{"line":264,"column":0},"end":{"line":264,"column":null}},"26":{"start":{"line":266,"column":0},"end":{"line":274,"column":null}},"27":{"start":{"line":267,"column":0},"end":{"line":267,"column":null}},"28":{"start":{"line":268,"column":0},"end":{"line":268,"column":null}},"29":{"start":{"line":270,"column":0},"end":{"line":270,"column":null}},"30":{"start":{"line":272,"column":0},"end":{"line":272,"column":null}},"31":{"start":{"line":273,"column":0},"end":{"line":273,"column":null}},"32":{"start":{"line":278,"column":0},"end":{"line":278,"column":null}},"33":{"start":{"line":280,"column":0},"end":{"line":280,"column":null}},"34":{"start":{"line":284,"column":0},"end":{"line":284,"column":null}},"35":{"start":{"line":286,"column":0},"end":{"line":303,"column":null}},"36":{"start":{"line":287,"column":0},"end":{"line":287,"column":null}},"37":{"start":{"line":288,"column":0},"end":{"line":302,"column":null}},"38":{"start":{"line":289,"column":0},"end":{"line":289,"column":null}},"39":{"start":{"line":290,"column":0},"end":{"line":298,"column":null}},"40":{"start":{"line":294,"column":0},"end":{"line":294,"column":null}},"41":{"start":{"line":295,"column":0},"end":{"line":295,"column":null}},"42":{"start":{"line":296,"column":0},"end":{"line":296,"column":null}},"43":{"start":{"line":297,"column":0},"end":{"line":297,"column":null}},"44":{"start":{"line":301,"column":0},"end":{"line":301,"column":null}},"45":{"start":{"line":308,"column":0},"end":{"line":308,"column":null}},"46":{"start":{"line":309,"column":0},"end":{"line":309,"column":null}},"47":{"start":{"line":310,"column":0},"end":{"line":310,"column":null}},"48":{"start":{"line":314,"column":0},"end":{"line":314,"column":null}},"49":{"start":{"line":315,"column":0},"end":{"line":315,"column":null}},"50":{"start":{"line":319,"column":0},"end":{"line":319,"column":null}},"51":{"start":{"line":320,"column":0},"end":{"line":326,"column":null}},"52":{"start":{"line":321,"column":0},"end":{"line":321,"column":null}},"53":{"start":{"line":322,"column":0},"end":{"line":322,"column":null}},"54":{"start":{"line":324,"column":0},"end":{"line":324,"column":null}},"55":{"start":{"line":325,"column":0},"end":{"line":325,"column":null}},"56":{"start":{"line":330,"column":0},"end":{"line":330,"column":null}},"57":{"start":{"line":331,"column":0},"end":{"line":331,"column":null}},"58":{"start":{"line":335,"column":0},"end":{"line":335,"column":null}},"59":{"start":{"line":336,"column":0},"end":{"line":360,"column":null}},"60":{"start":{"line":338,"column":0},"end":{"line":350,"column":null}},"61":{"start":{"line":342,"column":0},"end":{"line":342,"column":null}},"62":{"start":{"line":343,"column":0},"end":{"line":343,"column":null}},"63":{"start":{"line":346,"column":0},"end":{"line":346,"column":null}},"64":{"start":{"line":347,"column":0},"end":{"line":347,"column":null}},"65":{"start":{"line":348,"column":0},"end":{"line":348,"column":null}},"66":{"start":{"line":349,"column":0},"end":{"line":349,"column":null}},"67":{"start":{"line":358,"column":0},"end":{"line":358,"column":null}},"68":{"start":{"line":359,"column":0},"end":{"line":359,"column":null}},"69":{"start":{"line":228,"column":0},"end":{"line":193,"column":null}}},"fnMap":{"0":{"name":"(anonymous_1)","decl":{"start":{"line":228,"column":0},"end":{"line":228,"column":null}},"loc":{"start":{"line":228,"column":0},"end":{"line":362,"column":null}}},"1":{"name":"(anonymous_2)","decl":{"start":{"line":249,"column":0},"end":{"line":249,"column":null}},"loc":{"start":{"line":249,"column":0},"end":{"line":252,"column":null}}},"2":{"name":"(anonymous_3)","decl":{"start":{"line":254,"column":0},"end":{"line":254,"column":null}},"loc":{"start":{"line":254,"column":0},"end":{"line":261,"column":null}}},"3":{"name":"(anonymous_4)","decl":{"start":{"line":263,"column":0},"end":{"line":263,"column":null}},"loc":{"start":{"line":263,"column":0},"end":{"line":275,"column":null}}},"4":{"name":"(anonymous_5)","decl":{"start":{"line":277,"column":0},"end":{"line":277,"column":null}},"loc":{"start":{"line":277,"column":0},"end":{"line":304,"column":null}}},"5":{"name":"(anonymous_6)","decl":{"start":{"line":290,"column":0},"end":{"line":290,"column":null}},"loc":{"start":{"line":290,"column":0},"end":{"line":298,"column":null}}},"6":{"name":"(anonymous_7)","decl":{"start":{"line":307,"column":0},"end":{"line":307,"column":null}},"loc":{"start":{"line":307,"column":0},"end":{"line":311,"column":null}}},"7":{"name":"(anonymous_8)","decl":{"start":{"line":313,"column":0},"end":{"line":313,"column":null}},"loc":{"start":{"line":313,"column":0},"end":{"line":316,"column":null}}},"8":{"name":"(anonymous_9)","decl":{"start":{"line":318,"column":0},"end":{"line":318,"column":null}},"loc":{"start":{"line":318,"column":0},"end":{"line":327,"column":null}}},"9":{"name":"(anonymous_10)","decl":{"start":{"line":329,"column":0},"end":{"line":329,"column":null}},"loc":{"start":{"line":329,"column":0},"end":{"line":332,"column":null}}},"10":{"name":"(anonymous_11)","decl":{"start":{"line":334,"column":0},"end":{"line":334,"column":null}},"loc":{"start":{"line":334,"column":0},"end":{"line":361,"column":null}}},"11":{"name":"(anonymous_12)","decl":{"start":{"line":338,"column":0},"end":{"line":338,"column":null}},"loc":{"start":{"line":338,"column":0},"end":{"line":344,"column":null}}},"12":{"name":"(anonymous_13)","decl":{"start":{"line":344,"column":0},"end":{"line":344,"column":null}},"loc":{"start":{"line":344,"column":0},"end":{"line":350,"column":null}}}},"branchMap":{"0":{"loc":{"start":{"line":256,"column":0},"end":{"line":258,"column":null}},"type":"if","locations":[{"start":{"line":256,"column":0},"end":{"line":258,"column":null}},{"start":{"line":256,"column":0},"end":{"line":258,"column":null}}]},"1":{"loc":{"start":{"line":266,"column":0},"end":{"line":274,"column":null}},"type":"if","locations":[{"start":{"line":266,"column":0},"end":{"line":274,"column":null}},{"start":{"line":266,"column":0},"end":{"line":274,"column":null}}]},"2":{"loc":{"start":{"line":280,"column":0},"end":{"line":280,"column":null}},"type":"cond-expr","locations":[{"start":{"line":280,"column":0},"end":{"line":280,"column":null}},{"start":{"line":280,"column":0},"end":{"line":280,"column":null}}]},"3":{"loc":{"start":{"line":286,"column":0},"end":{"line":303,"column":null}},"type":"if","locations":[{"start":{"line":286,"column":0},"end":{"line":303,"column":null}},{"start":{"line":286,"column":0},"end":{"line":303,"column":null}}]},"4":{"loc":{"start":{"line":288,"column":0},"end":{"line":302,"column":null}},"type":"if","locations":[{"start":{"line":288,"column":0},"end":{"line":302,"column":null}},{"start":{"line":288,"column":0},"end":{"line":302,"column":null}}]},"5":{"loc":{"start":{"line":320,"column":0},"end":{"line":326,"column":null}},"type":"if","locations":[{"start":{"line":320,"column":0},"end":{"line":326,"column":null}},{"start":{"line":320,"column":0},"end":{"line":326,"column":null}}]},"6":{"loc":{"start":{"line":336,"column":0},"end":{"line":360,"column":null}},"type":"if","locations":[{"start":{"line":336,"column":0},"end":{"line":360,"column":null}},{"start":{"line":336,"column":0},"end":{"line":360,"column":null}}]}},"s":{"0":1,"1":1,"2":1,"3":1,"4":1,"5":1,"6":1,"7":1,"8":1,"9":1,"10":1,"11":1,"12":1,"13":1,"14":1,"15":12,"16":12,"17":12,"18":12,"19":12,"20":12,"21":1,"22":2,"23":1,"24":0,"25":12,"26":12,"27":1,"28":1,"29":1,"30":11,"31":11,"32":12,"33":12,"34":12,"35":12,"36":3,"37":3,"38":2,"39":2,"40":1,"41":1,"42":1,"43":1,"44":1,"45":4,"46":4,"47":4,"48":1,"49":1,"50":3,"51":3,"52":2,"53":2,"54":1,"55":1,"56":16,"57":16,"58":3,"59":3,"60":2,"61":1,"62":1,"63":1,"64":1,"65":1,"66":1,"67":1,"68":1,"69":1},"f":{"0":12,"1":12,"2":1,"3":12,"4":12,"5":1,"6":4,"7":1,"8":3,"9":16,"10":3,"11":1,"12":1},"b":{"0":[1,1],"1":[1,11],"2":[3,9],"3":[3,9],"4":[2,1],"5":[2,1],"6":[2,1]}}
,"/Users/milindadias/Workspaces/annotationtesting/rskj-docs-generator/rskj-docs-html-generator/rskj-docs/src/components/BlockResultDTOModel.vue": {"path":"/Users/milindadias/Workspaces/annotationtesting/rskj-docs-generator/rskj-docs-html-generator/rskj-docs/src/components/BlockResultDTOModel.vue","statementMap":{"0":{"start":{"line":53,"column":0},"end":{"line":53,"column":null}},"1":{"start":{"line":56,"column":0},"end":{"line":56,"column":null}},"2":{"start":{"line":59,"column":0},"end":{"line":59,"column":null}},"3":{"start":{"line":64,"column":0},"end":{"line":64,"column":null}},"4":{"start":{"line":60,"column":0},"end":{"line":60,"column":null}},"5":{"start":{"line":61,"column":0},"end":{"line":61,"column":null}},"6":{"start":{"line":68,"column":0},"end":{"line":72,"column":null}},"7":{"start":{"line":69,"column":0},"end":{"line":71,"column":null}},"8":{"start":{"line":70,"column":0},"end":{"line":70,"column":null}},"9":{"start":{"line":65,"column":0},"end":{"line":65,"column":null}},"10":{"start":{"line":75,"column":0},"end":{"line":75,"column":null}},"11":{"start":{"line":79,"column":0},"end":{"line":79,"column":null}}},"fnMap":{"0":{"name":"(anonymous_1)","decl":{"start":{"line":63,"column":0},"end":{"line":63,"column":null}},"loc":{"start":{"line":63,"column":0},"end":{"line":66,"column":null}}},"1":{"name":"(anonymous_2)","decl":{"start":{"line":68,"column":0},"end":{"line":68,"column":null}},"loc":{"start":{"line":68,"column":0},"end":{"line":72,"column":null}}},"2":{"name":"(anonymous_3)","decl":{"start":{"line":74,"column":0},"end":{"line":74,"column":null}},"loc":{"start":{"line":74,"column":0},"end":{"line":76,"column":null}}},"3":{"name":"(anonymous_4)","decl":{"start":{"line":78,"column":0},"end":{"line":78,"column":null}},"loc":{"start":{"line":78,"column":0},"end":{"line":80,"column":null}}}},"branchMap":{"0":{"loc":{"start":{"line":69,"column":0},"end":{"line":71,"column":null}},"type":"if","locations":[{"start":{"line":69,"column":0},"end":{"line":71,"column":null}},{"start":{"line":69,"column":0},"end":{"line":71,"column":null}}]}},"s":{"0":2,"1":2,"2":4,"3":14,"4":14,"5":14,"6":14,"7":2,"8":2,"9":14,"10":2,"11":1},"f":{"0":14,"1":2,"2":2,"3":1},"b":{"0":[2,0]}}
,"/Users/milindadias/Workspaces/annotationtesting/rskj-docs-generator/rskj-docs-html-generator/rskj-docs/src/components/EthgetBlockByNumber.vue": {"path":"/Users/milindadias/Workspaces/annotationtesting/rskj-docs-generator/rskj-docs-html-generator/rskj-docs/src/components/EthgetBlockByNumber.vue","statementMap":{"0":{"start":{"line":473,"column":0},"end":{"line":473,"column":null}},"1":{"start":{"line":474,"column":0},"end":{"line":474,"column":null}},"2":{"start":{"line":475,"column":0},"end":{"line":475,"column":null}},"3":{"start":{"line":476,"column":0},"end":{"line":476,"column":null}},"4":{"start":{"line":477,"column":0},"end":{"line":477,"column":null}},"5":{"start":{"line":480,"column":0},"end":{"line":480,"column":null}},"6":{"start":{"line":484,"column":0},"end":{"line":484,"column":null}},"7":{"start":{"line":488,"column":0},"end":{"line":488,"column":null}},"8":{"start":{"line":489,"column":0},"end":{"line":489,"column":null}},"9":{"start":{"line":490,"column":0},"end":{"line":490,"column":null}},"10":{"start":{"line":492,"column":0},"end":{"line":492,"column":null}},"11":{"start":{"line":493,"column":0},"end":{"line":493,"column":null}},"12":{"start":{"line":494,"column":0},"end":{"line":494,"column":null}},"13":{"start":{"line":495,"column":0},"end":{"line":495,"column":null}},"14":{"start":{"line":496,"column":0},"end":{"line":496,"column":null}},"15":{"start":{"line":498,"column":0},"end":{"line":498,"column":null}},"16":{"start":{"line":499,"column":0},"end":{"line":499,"column":null}},"17":{"start":{"line":501,"column":0},"end":{"line":501,"column":null}},"18":{"start":{"line":502,"column":0},"end":{"line":502,"column":null}},"19":{"start":{"line":504,"column":0},"end":{"line":504,"column":null}},"20":{"start":{"line":505,"column":0},"end":{"line":505,"column":null}},"21":{"start":{"line":507,"column":0},"end":{"line":507,"column":null}},"22":{"start":{"line":510,"column":0},"end":{"line":510,"column":null}},"23":{"start":{"line":514,"column":0},"end":{"line":514,"column":null}},"24":{"start":{"line":516,"column":0},"end":{"line":518,"column":null}},"25":{"start":{"line":517,"column":0},"end":{"line":517,"column":null}},"26":{"start":{"line":520,"column":0},"end":{"line":520,"column":null}},"27":{"start":{"line":524,"column":0},"end":{"line":524,"column":null}},"28":{"start":{"line":528,"column":0},"end":{"line":528,"column":null}},"29":{"start":{"line":529,"column":0},"end":{"line":529,"column":null}},"30":{"start":{"line":530,"column":0},"end":{"line":530,"column":null}},"31":{"start":{"line":531,"column":0},"end":{"line":531,"column":null}},"32":{"start":{"line":536,"column":0},"end":{"line":536,"column":null}},"33":{"start":{"line":539,"column":0},"end":{"line":539,"column":null}},"34":{"start":{"line":541,"column":0},"end":{"line":541,"column":null}},"35":{"start":{"line":543,"column":0},"end":{"line":543,"column":null}},"36":{"start":{"line":544,"column":0},"end":{"line":544,"column":null}},"37":{"start":{"line":546,"column":0},"end":{"line":546,"column":null}},"38":{"start":{"line":547,"column":0},"end":{"line":547,"column":null}},"39":{"start":{"line":549,"column":0},"end":{"line":549,"column":null}},"40":{"start":{"line":550,"column":0},"end":{"line":550,"column":null}},"41":{"start":{"line":555,"column":0},"end":{"line":580,"column":null}},"42":{"start":{"line":556,"column":0},"end":{"line":556,"column":null}},"43":{"start":{"line":557,"column":0},"end":{"line":557,"column":null}},"44":{"start":{"line":558,"column":0},"end":{"line":558,"column":null}},"45":{"start":{"line":559,"column":0},"end":{"line":559,"column":null}},"46":{"start":{"line":561,"column":0},"end":{"line":568,"column":null}},"47":{"start":{"line":562,"column":0},"end":{"line":562,"column":null}},"48":{"start":{"line":563,"column":0},"end":{"line":563,"column":null}},"49":{"start":{"line":564,"column":0},"end":{"line":568,"column":null}},"50":{"start":{"line":566,"column":0},"end":{"line":566,"column":null}},"51":{"start":{"line":567,"column":0},"end":{"line":567,"column":null}},"52":{"start":{"line":570,"column":0},"end":{"line":570,"column":null}},"53":{"start":{"line":571,"column":0},"end":{"line":571,"column":null}},"54":{"start":{"line":573,"column":0},"end":{"line":579,"column":null}},"55":{"start":{"line":574,"column":0},"end":{"line":574,"column":null}},"56":{"start":{"line":575,"column":0},"end":{"line":575,"column":null}},"57":{"start":{"line":576,"column":0},"end":{"line":579,"column":null}},"58":{"start":{"line":577,"column":0},"end":{"line":577,"column":null}},"59":{"start":{"line":578,"column":0},"end":{"line":578,"column":null}},"60":{"start":{"line":596,"column":0},"end":{"line":596,"column":null}},"61":{"start":{"line":597,"column":0},"end":{"line":597,"column":null}},"62":{"start":{"line":598,"column":0},"end":{"line":598,"column":null}},"63":{"start":{"line":612,"column":0},"end":{"line":612,"column":null}},"64":{"start":{"line":613,"column":0},"end":{"line":613,"column":null}},"65":{"start":{"line":618,"column":0},"end":{"line":618,"column":null}},"66":{"start":{"line":622,"column":0},"end":{"line":628,"column":null}},"67":{"start":{"line":623,"column":0},"end":{"line":623,"column":null}},"68":{"start":{"line":624,"column":0},"end":{"line":624,"column":null}},"69":{"start":{"line":627,"column":0},"end":{"line":627,"column":null}},"70":{"start":{"line":632,"column":0},"end":{"line":632,"column":null}},"71":{"start":{"line":633,"column":0},"end":{"line":633,"column":null}},"72":{"start":{"line":635,"column":0},"end":{"line":635,"column":null}},"73":{"start":{"line":638,"column":0},"end":{"line":676,"column":null}},"74":{"start":{"line":640,"column":0},"end":{"line":640,"column":null}},"75":{"start":{"line":641,"column":0},"end":{"line":641,"column":null}},"76":{"start":{"line":642,"column":0},"end":{"line":642,"column":null}},"77":{"start":{"line":648,"column":0},"end":{"line":648,"column":null}},"78":{"start":{"line":651,"column":0},"end":{"line":653,"column":null}},"79":{"start":{"line":652,"column":0},"end":{"line":652,"column":null}},"80":{"start":{"line":657,"column":0},"end":{"line":657,"column":null}},"81":{"start":{"line":658,"column":0},"end":{"line":675,"column":null}},"82":{"start":{"line":659,"column":0},"end":{"line":659,"column":null}},"83":{"start":{"line":660,"column":0},"end":{"line":660,"column":null}},"84":{"start":{"line":664,"column":0},"end":{"line":664,"column":null}},"85":{"start":{"line":667,"column":0},"end":{"line":667,"column":null}},"86":{"start":{"line":668,"column":0},"end":{"line":668,"column":null}},"87":{"start":{"line":670,"column":0},"end":{"line":670,"column":null}},"88":{"start":{"line":674,"column":0},"end":{"line":674,"column":null}},"89":{"start":{"line":680,"column":0},"end":{"line":680,"column":null}},"90":{"start":{"line":681,"column":0},"end":{"line":684,"column":null}},"91":{"start":{"line":682,"column":0},"end":{"line":682,"column":null}},"92":{"start":{"line":683,"column":0},"end":{"line":683,"column":null}},"93":{"start":{"line":686,"column":0},"end":{"line":686,"column":null}},"94":{"start":{"line":687,"column":0},"end":{"line":687,"column":null}},"95":{"start":{"line":689,"column":0},"end":{"line":724,"column":null}},"96":{"start":{"line":690,"column":0},"end":{"line":690,"column":null}},"97":{"start":{"line":692,"column":0},"end":{"line":720,"column":null}},"98":{"start":{"line":694,"column":0},"end":{"line":694,"column":null}},"99":{"start":{"line":696,"column":0},"end":{"line":696,"column":null}},"100":{"start":{"line":697,"column":0},"end":{"line":697,"column":null}},"101":{"start":{"line":702,"column":0},"end":{"line":702,"column":null}},"102":{"start":{"line":705,"column":0},"end":{"line":719,"column":null}},"103":{"start":{"line":706,"column":0},"end":{"line":706,"column":null}},"104":{"start":{"line":709,"column":0},"end":{"line":709,"column":null}},"105":{"start":{"line":715,"column":0},"end":{"line":715,"column":null}},"106":{"start":{"line":718,"column":0},"end":{"line":718,"column":null}},"107":{"start":{"line":723,"column":0},"end":{"line":723,"column":null}},"108":{"start":{"line":728,"column":0},"end":{"line":728,"column":null}},"109":{"start":{"line":729,"column":0},"end":{"line":729,"column":null}},"110":{"start":{"line":730,"column":0},"end":{"line":730,"column":null}},"111":{"start":{"line":734,"column":0},"end":{"line":734,"column":null}}},"fnMap":{"0":{"name":"(anonymous_1)","decl":{"start":{"line":488,"column":0},"end":{"line":488,"column":null}},"loc":{"start":{"line":488,"column":0},"end":{"line":736,"column":null}}},"1":{"name":"(anonymous_2)","decl":{"start":{"line":509,"column":0},"end":{"line":509,"column":null}},"loc":{"start":{"line":509,"column":0},"end":{"line":511,"column":null}}},"2":{"name":"(anonymous_3)","decl":{"start":{"line":513,"column":0},"end":{"line":513,"column":null}},"loc":{"start":{"line":513,"column":0},"end":{"line":521,"column":null}}},"3":{"name":"(anonymous_4)","decl":{"start":{"line":523,"column":0},"end":{"line":523,"column":null}},"loc":{"start":{"line":523,"column":0},"end":{"line":525,"column":null}}},"4":{"name":"(anonymous_5)","decl":{"start":{"line":527,"column":0},"end":{"line":527,"column":null}},"loc":{"start":{"line":527,"column":0},"end":{"line":532,"column":null}}},"5":{"name":"(anonymous_6)","decl":{"start":{"line":534,"column":0},"end":{"line":534,"column":null}},"loc":{"start":{"line":534,"column":0},"end":{"line":552,"column":null}}},"6":{"name":"(anonymous_7)","decl":{"start":{"line":554,"column":0},"end":{"line":554,"column":null}},"loc":{"start":{"line":554,"column":0},"end":{"line":581,"column":null}}},"7":{"name":"(anonymous_8)","decl":{"start":{"line":595,"column":0},"end":{"line":595,"column":null}},"loc":{"start":{"line":595,"column":0},"end":{"line":599,"column":null}}},"8":{"name":"(anonymous_9)","decl":{"start":{"line":611,"column":0},"end":{"line":611,"column":null}},"loc":{"start":{"line":611,"column":0},"end":{"line":619,"column":null}}},"9":{"name":"(anonymous_10)","decl":{"start":{"line":621,"column":0},"end":{"line":621,"column":null}},"loc":{"start":{"line":621,"column":0},"end":{"line":629,"column":null}}},"10":{"name":"(anonymous_11)","decl":{"start":{"line":631,"column":0},"end":{"line":631,"column":null}},"loc":{"start":{"line":631,"column":0},"end":{"line":677,"column":null}}},"11":{"name":"(anonymous_12)","decl":{"start":{"line":638,"column":0},"end":{"line":638,"column":null}},"loc":{"start":{"line":638,"column":0},"end":{"line":655,"column":null}}},"12":{"name":"(anonymous_13)","decl":{"start":{"line":655,"column":0},"end":{"line":655,"column":null}},"loc":{"start":{"line":655,"column":0},"end":{"line":676,"column":null}}},"13":{"name":"(anonymous_14)","decl":{"start":{"line":679,"column":0},"end":{"line":679,"column":null}},"loc":{"start":{"line":679,"column":0},"end":{"line":725,"column":null}}},"14":{"name":"(anonymous_15)","decl":{"start":{"line":692,"column":0},"end":{"line":692,"column":null}},"loc":{"start":{"line":692,"column":0},"end":{"line":703,"column":null}}},"15":{"name":"(anonymous_16)","decl":{"start":{"line":703,"column":0},"end":{"line":703,"column":null}},"loc":{"start":{"line":703,"column":0},"end":{"line":720,"column":null}}},"16":{"name":"(anonymous_17)","decl":{"start":{"line":727,"column":0},"end":{"line":727,"column":null}},"loc":{"start":{"line":727,"column":0},"end":{"line":735,"column":null}}}},"branchMap":{"0":{"loc":{"start":{"line":516,"column":0},"end":{"line":518,"column":null}},"type":"if","locations":[{"start":{"line":516,"column":0},"end":{"line":518,"column":null}},{"start":{"line":516,"column":0},"end":{"line":518,"column":null}}]},"1":{"loc":{"start":{"line":516,"column":0},"end":{"line":516,"column":null}},"type":"binary-expr","locations":[{"start":{"line":516,"column":0},"end":{"line":516,"column":null}},{"start":{"line":516,"column":0},"end":{"line":516,"column":null}}]},"2":{"loc":{"start":{"line":542,"column":0},"end":{"line":544,"column":null}},"type":"switch","locations":[{"start":{"line":542,"column":0},"end":{"line":544,"column":null}},{"start":{"line":545,"column":0},"end":{"line":547,"column":null}},{"start":{"line":548,"column":0},"end":{"line":550,"column":null}}]},"3":{"loc":{"start":{"line":556,"column":0},"end":{"line":556,"column":null}},"type":"cond-expr","locations":[{"start":{"line":556,"column":0},"end":{"line":556,"column":null}},{"start":{"line":556,"column":0},"end":{"line":556,"column":null}}]},"4":{"loc":{"start":{"line":561,"column":0},"end":{"line":568,"column":null}},"type":"if","locations":[{"start":{"line":561,"column":0},"end":{"line":568,"column":null}},{"start":{"line":561,"column":0},"end":{"line":568,"column":null}}]},"5":{"loc":{"start":{"line":564,"column":0},"end":{"line":568,"column":null}},"type":"if","locations":[{"start":{"line":564,"column":0},"end":{"line":568,"column":null}},{"start":{"line":564,"column":0},"end":{"line":568,"column":null}}]},"6":{"loc":{"start":{"line":573,"column":0},"end":{"line":579,"column":null}},"type":"if","locations":[{"start":{"line":573,"column":0},"end":{"line":579,"column":null}},{"start":{"line":573,"column":0},"end":{"line":579,"column":null}}]},"7":{"loc":{"start":{"line":576,"column":0},"end":{"line":579,"column":null}},"type":"if","locations":[{"start":{"line":576,"column":0},"end":{"line":579,"column":null}},{"start":{"line":576,"column":0},"end":{"line":579,"column":null}}]},"8":{"loc":{"start":{"line":643,"column":0},"end":{"line":643,"column":null}},"type":"cond-expr","locations":[{"start":{"line":643,"column":0},"end":{"line":643,"column":null}},{"start":{"line":643,"column":0},"end":{"line":643,"column":null}}]},"9":{"loc":{"start":{"line":645,"column":0},"end":{"line":645,"column":null}},"type":"cond-expr","locations":[{"start":{"line":645,"column":0},"end":{"line":645,"column":null}},{"start":{"line":645,"column":0},"end":{"line":645,"column":null}}]},"10":{"loc":{"start":{"line":651,"column":0},"end":{"line":653,"column":null}},"type":"if","locations":[{"start":{"line":651,"column":0},"end":{"line":653,"column":null}},{"start":{"line":651,"column":0},"end":{"line":653,"column":null}}]},"11":{"loc":{"start":{"line":681,"column":0},"end":{"line":684,"column":null}},"type":"if","locations":[{"start":{"line":681,"column":0},"end":{"line":684,"column":null}},{"start":{"line":681,"column":0},"end":{"line":684,"column":null}}]},"12":{"loc":{"start":{"line":710,"column":0},"end":{"line":710,"column":null}},"type":"cond-expr","locations":[{"start":{"line":710,"column":0},"end":{"line":710,"column":null}},{"start":{"line":710,"column":0},"end":{"line":710,"column":null}}]}},"s":{"0":3,"1":3,"2":3,"3":3,"4":3,"5":3,"6":3,"7":6,"8":31,"9":31,"10":31,"11":31,"12":31,"13":31,"14":31,"15":31,"16":31,"17":31,"18":31,"19":31,"20":31,"21":31,"22":1,"23":4,"24":4,"25":2,"26":4,"27":1,"28":1,"29":1,"30":1,"31":1,"32":13,"33":13,"34":13,"35":5,"36":5,"37":8,"38":8,"39":0,"40":0,"41":17,"42":17,"43":14,"44":14,"45":14,"46":14,"47":11,"48":11,"49":3,"50":3,"51":3,"52":3,"53":3,"54":3,"55":2,"56":2,"57":1,"58":1,"59":1,"60":1,"61":1,"62":1,"63":3,"64":3,"65":3,"66":1,"67":1,"68":0,"69":1,"70":8,"71":8,"72":8,"73":8,"74":6,"75":5,"76":5,"77":5,"78":5,"79":4,"80":3,"81":3,"82":3,"83":1,"84":1,"85":2,"86":2,"87":2,"88":2,"89":5,"90":5,"91":2,"92":2,"93":3,"94":3,"95":3,"96":3,"97":3,"98":1,"99":1,"100":1,"101":1,"102":1,"103":1,"104":1,"105":1,"106":0,"107":1,"108":1,"109":1,"110":1,"111":1},"f":{"0":31,"1":1,"2":4,"3":1,"4":1,"5":13,"6":17,"7":1,"8":3,"9":1,"10":8,"11":6,"12":3,"13":5,"14":1,"15":1,"16":1},"b":{"0":[2,2],"1":[4,3],"2":[5,8,0],"3":[14,3],"4":[11,3],"5":[3,0],"6":[2,1],"7":[1,0],"8":[1,4],"9":[1,4],"10":[4,1],"11":[2,3],"12":[2,1]}}
}
