TN:
SF:/Users/milindadias/Workspaces/annotationtesting/rskj-docs-generator/rskj-docs-html-generator/rskj-docs/src/App.vue
FN:228,(anonymous_1)
FN:249,(anonymous_2)
FN:254,(anonymous_3)
FN:263,(anonymous_4)
FN:277,(anonymous_5)
FN:290,(anonymous_6)
FN:307,(anonymous_7)
FN:313,(anonymous_8)
FN:318,(anonymous_9)
FN:329,(anonymous_10)
FN:334,(anonymous_11)
FN:338,(anonymous_12)
FN:344,(anonymous_13)
FNF:13
FNH:13
FNDA:12,(anonymous_1)
FNDA:12,(anonymous_2)
FNDA:1,(anonymous_3)
FNDA:12,(anonymous_4)
FNDA:12,(anonymous_5)
FNDA:1,(anonymous_6)
FNDA:4,(anonymous_7)
FNDA:1,(anonymous_8)
FNDA:3,(anonymous_9)
FNDA:16,(anonymous_10)
FNDA:3,(anonymous_11)
FNDA:1,(anonymous_12)
FNDA:1,(anonymous_13)
DA:158,1
DA:162,1
DA:164,1
DA:166,1
DA:168,1
DA:170,1
DA:172,1
DA:174,1
DA:177,1
DA:179,1
DA:181,1
DA:185,1
DA:187,1
DA:189,1
DA:228,1
DA:229,12
DA:231,12
DA:233,12
DA:244,12
DA:250,12
DA:251,12
DA:255,1
DA:256,2
DA:257,1
DA:260,0
DA:264,12
DA:266,12
DA:267,1
DA:268,1
DA:270,1
DA:272,11
DA:273,11
DA:278,12
DA:280,12
DA:284,12
DA:286,12
DA:287,3
DA:288,3
DA:289,2
DA:290,2
DA:294,1
DA:295,1
DA:296,1
DA:297,1
DA:301,1
DA:308,4
DA:309,4
DA:310,4
DA:314,1
DA:315,1
DA:319,3
DA:320,3
DA:321,2
DA:322,2
DA:324,1
DA:325,1
DA:330,16
DA:331,16
DA:335,3
DA:336,3
DA:338,2
DA:342,1
DA:343,1
DA:346,1
DA:347,1
DA:348,1
DA:349,1
DA:358,1
DA:359,1
LF:69
LH:68
BRDA:256,0,0,1
BRDA:256,0,1,1
BRDA:266,1,0,1
BRDA:266,1,1,11
BRDA:280,2,0,3
BRDA:280,2,1,9
BRDA:286,3,0,3
BRDA:286,3,1,9
BRDA:288,4,0,2
BRDA:288,4,1,1
BRDA:320,5,0,2
BRDA:320,5,1,1
BRDA:336,6,0,2
BRDA:336,6,1,1
BRF:14
BRH:14
end_of_record
TN:
SF:/Users/milindadias/Workspaces/annotationtesting/rskj-docs-generator/rskj-docs-html-generator/rskj-docs/src/components/BlockResultDTOModel.vue
FN:63,(anonymous_1)
FN:68,(anonymous_2)
FN:74,(anonymous_3)
FN:78,(anonymous_4)
FNF:4
FNH:4
FNDA:14,(anonymous_1)
FNDA:2,(anonymous_2)
FNDA:2,(anonymous_3)
FNDA:1,(anonymous_4)
DA:53,2
DA:56,2
DA:59,4
DA:60,14
DA:61,14
DA:64,14
DA:65,14
DA:68,14
DA:69,2
DA:70,2
DA:75,2
DA:79,1
LF:12
LH:12
BRDA:69,0,0,2
BRDA:69,0,1,0
BRF:2
BRH:1
end_of_record
TN:
SF:/Users/milindadias/Workspaces/annotationtesting/rskj-docs-generator/rskj-docs-html-generator/rskj-docs/src/components/EthgetBlockByNumber.vue
FN:488,(anonymous_1)
FN:509,(anonymous_2)
FN:513,(anonymous_3)
FN:523,(anonymous_4)
FN:527,(anonymous_5)
FN:534,(anonymous_6)
FN:554,(anonymous_7)
FN:595,(anonymous_8)
FN:611,(anonymous_9)
FN:621,(anonymous_10)
FN:631,(anonymous_11)
FN:638,(anonymous_12)
FN:655,(anonymous_13)
FN:679,(anonymous_14)
FN:692,(anonymous_15)
FN:703,(anonymous_16)
FN:727,(anonymous_17)
FNF:17
FNH:17
FNDA:31,(anonymous_1)
FNDA:1,(anonymous_2)
FNDA:4,(anonymous_3)
FNDA:1,(anonymous_4)
FNDA:1,(anonymous_5)
FNDA:13,(anonymous_6)
FNDA:17,(anonymous_7)
FNDA:1,(anonymous_8)
FNDA:3,(anonymous_9)
FNDA:1,(anonymous_10)
FNDA:8,(anonymous_11)
FNDA:6,(anonymous_12)
FNDA:3,(anonymous_13)
FNDA:5,(anonymous_14)
FNDA:1,(anonymous_15)
FNDA:1,(anonymous_16)
FNDA:1,(anonymous_17)
DA:473,3
DA:474,3
DA:475,3
DA:476,3
DA:477,3
DA:480,3
DA:484,3
DA:488,6
DA:489,31
DA:490,31
DA:492,31
DA:493,31
DA:494,31
DA:495,31
DA:496,31
DA:498,31
DA:499,31
DA:501,31
DA:502,31
DA:504,31
DA:505,31
DA:507,31
DA:510,1
DA:514,4
DA:516,4
DA:517,2
DA:520,4
DA:524,1
DA:528,1
DA:529,1
DA:530,1
DA:531,1
DA:536,13
DA:539,13
DA:541,13
DA:543,5
DA:544,5
DA:546,8
DA:547,8
DA:549,0
DA:550,0
DA:555,17
DA:556,17
DA:557,14
DA:558,14
DA:559,14
DA:561,14
DA:562,11
DA:563,11
DA:564,3
DA:566,3
DA:567,3
DA:570,3
DA:571,3
DA:573,3
DA:574,2
DA:575,2
DA:576,1
DA:577,1
DA:578,1
DA:596,1
DA:597,1
DA:598,1
DA:612,3
DA:613,3
DA:618,3
DA:622,1
DA:623,1
DA:624,0
DA:627,1
DA:632,8
DA:633,8
DA:635,8
DA:638,8
DA:640,6
DA:641,5
DA:642,5
DA:648,5
DA:651,5
DA:652,4
DA:657,3
DA:658,3
DA:659,3
DA:660,1
DA:664,1
DA:667,2
DA:668,2
DA:670,2
DA:674,2
DA:680,5
DA:681,5
DA:682,2
DA:683,2
DA:686,3
DA:687,3
DA:689,3
DA:690,3
DA:692,3
DA:694,1
DA:696,1
DA:697,1
DA:702,1
DA:705,1
DA:706,1
DA:709,1
DA:715,1
DA:718,0
DA:723,1
DA:728,1
DA:729,1
DA:730,1
DA:734,1
LF:112
LH:108
BRDA:516,0,0,2
BRDA:516,0,1,2
BRDA:516,1,0,4
BRDA:516,1,1,3
BRDA:542,2,0,5
BRDA:542,2,1,8
BRDA:542,2,2,0
BRDA:556,3,0,14
BRDA:556,3,1,3
BRDA:561,4,0,11
BRDA:561,4,1,3
BRDA:564,5,0,3
BRDA:564,5,1,0
BRDA:573,6,0,2
BRDA:573,6,1,1
BRDA:576,7,0,1
BRDA:576,7,1,0
BRDA:643,8,0,1
BRDA:643,8,1,4
BRDA:645,9,0,1
BRDA:645,9,1,4
BRDA:651,10,0,4
BRDA:651,10,1,1
BRDA:681,11,0,2
BRDA:681,11,1,3
BRDA:710,12,0,2
BRDA:710,12,1,1
BRF:27
BRH:24
end_of_record
