{"/Users/milindadias/Workspaces/annotationtesting/rskj-docs-generator/rskj-docs-html-generator/rskj-templating-runner/common.js": {"path":"/Users/milindadias/Workspaces/annotationtesting/rskj-docs-generator/rskj-docs-html-generator/rskj-templating-runner/common.js","statementMap":{"0":{"start":{"line":3,"column":11},"end":{"line":3,"column":30}},"1":{"start":{"line":4,"column":12},"end":{"line":4,"column":26}},"2":{"start":{"line":6,"column":31},"end":{"line":6,"column":56}},"3":{"start":{"line":7,"column":37},"end":{"line":7,"column":38}},"4":{"start":{"line":11,"column":14},"end":{"line":11,"column":18}},"5":{"start":{"line":16,"column":26},"end":{"line":16,"column":53}},"6":{"start":{"line":17,"column":4},"end":{"line":17,"column":53}},"7":{"start":{"line":21,"column":26},"end":{"line":21,"column":53}},"8":{"start":{"line":22,"column":4},"end":{"line":22,"column":42}},"9":{"start":{"line":26,"column":4},"end":{"line":26,"column":26}},"10":{"start":{"line":32,"column":19},"end":{"line":32,"column":35}},"11":{"start":{"line":33,"column":22},"end":{"line":37,"column":5}},"12":{"start":{"line":38,"column":32},"end":{"line":38,"column":93}},"13":{"start":{"line":40,"column":4},"end":{"line":40,"column":31}},"14":{"start":{"line":46,"column":4},"end":{"line":48,"column":31}},"15":{"start":{"line":52,"column":4},"end":{"line":52,"column":36}},"16":{"start":{"line":52,"column":25},"end":{"line":52,"column":36}},"17":{"start":{"line":53,"column":4},"end":{"line":53,"column":48}},"18":{"start":{"line":57,"column":4},"end":{"line":57,"column":57}},"19":{"start":{"line":61,"column":4},"end":{"line":61,"column":60}},"20":{"start":{"line":65,"column":18},"end":{"line":65,"column":49}},"21":{"start":{"line":66,"column":4},"end":{"line":70,"column":5}},"22":{"start":{"line":75,"column":4},"end":{"line":75,"column":56}},"23":{"start":{"line":76,"column":4},"end":{"line":76,"column":60}},"24":{"start":{"line":77,"column":4},"end":{"line":77,"column":61}},"25":{"start":{"line":78,"column":4},"end":{"line":78,"column":51}},"26":{"start":{"line":82,"column":35},"end":{"line":84,"column":13}},"27":{"start":{"line":86,"column":21},"end":{"line":86,"column":68}},"28":{"start":{"line":87,"column":17},"end":{"line":87,"column":50}},"29":{"start":{"line":88,"column":4},"end":{"line":88,"column":71}},"30":{"start":{"line":92,"column":23},"end":{"line":92,"column":45}},"31":{"start":{"line":93,"column":21},"end":{"line":93,"column":60}},"32":{"start":{"line":94,"column":4},"end":{"line":94,"column":42}},"33":{"start":{"line":99,"column":0},"end":{"line":99,"column":30}}},"fnMap":{"0":{"name":"(anonymous_0)","decl":{"start":{"line":13,"column":2},"end":{"line":13,"column":3}},"loc":{"start":{"line":13,"column":16},"end":{"line":13,"column":19}},"line":13},"1":{"name":"(anonymous_1)","decl":{"start":{"line":15,"column":2},"end":{"line":15,"column":3}},"loc":{"start":{"line":15,"column":18},"end":{"line":18,"column":3}},"line":15},"2":{"name":"(anonymous_2)","decl":{"start":{"line":20,"column":2},"end":{"line":20,"column":3}},"loc":{"start":{"line":20,"column":25},"end":{"line":23,"column":3}},"line":20},"3":{"name":"(anonymous_3)","decl":{"start":{"line":25,"column":2},"end":{"line":25,"column":3}},"loc":{"start":{"line":25,"column":33},"end":{"line":27,"column":3}},"line":25},"4":{"name":"(anonymous_4)","decl":{"start":{"line":31,"column":2},"end":{"line":31,"column":3}},"loc":{"start":{"line":31,"column":28},"end":{"line":41,"column":3}},"line":31},"5":{"name":"(anonymous_5)","decl":{"start":{"line":45,"column":2},"end":{"line":45,"column":3}},"loc":{"start":{"line":45,"column":26},"end":{"line":49,"column":3}},"line":45},"6":{"name":"(anonymous_6)","decl":{"start":{"line":51,"column":2},"end":{"line":51,"column":3}},"loc":{"start":{"line":51,"column":18},"end":{"line":54,"column":3}},"line":51},"7":{"name":"(anonymous_7)","decl":{"start":{"line":56,"column":2},"end":{"line":56,"column":3}},"loc":{"start":{"line":56,"column":17},"end":{"line":58,"column":3}},"line":56},"8":{"name":"(anonymous_8)","decl":{"start":{"line":60,"column":2},"end":{"line":60,"column":3}},"loc":{"start":{"line":60,"column":20},"end":{"line":62,"column":3}},"line":60},"9":{"name":"(anonymous_9)","decl":{"start":{"line":64,"column":2},"end":{"line":64,"column":3}},"loc":{"start":{"line":64,"column":31},"end":{"line":71,"column":3}},"line":64},"10":{"name":"(anonymous_10)","decl":{"start":{"line":74,"column":2},"end":{"line":74,"column":3}},"loc":{"start":{"line":74,"column":10},"end":{"line":79,"column":3}},"line":74},"11":{"name":"(anonymous_11)","decl":{"start":{"line":81,"column":2},"end":{"line":81,"column":3}},"loc":{"start":{"line":81,"column":81},"end":{"line":89,"column":3}},"line":81},"12":{"name":"(anonymous_12)","decl":{"start":{"line":91,"column":2},"end":{"line":91,"column":3}},"loc":{"start":{"line":91,"column":42},"end":{"line":95,"column":3}},"line":91}},"branchMap":{"0":{"loc":{"start":{"line":52,"column":4},"end":{"line":52,"column":36}},"type":"if","locations":[{"start":{"line":52,"column":4},"end":{"line":52,"column":36}},{"start":{"line":52,"column":4},"end":{"line":52,"column":36}}],"line":52},"1":{"loc":{"start":{"line":81,"column":51},"end":{"line":81,"column":79}},"type":"default-arg","locations":[{"start":{"line":81,"column":67},"end":{"line":81,"column":79}}],"line":81},"2":{"loc":{"start":{"line":82,"column":35},"end":{"line":84,"column":13}},"type":"cond-expr","locations":[{"start":{"line":83,"column":8},"end":{"line":83,"column":30}},{"start":{"line":84,"column":8},"end":{"line":84,"column":13}}],"line":82}},"s":{"0":3,"1":3,"2":3,"3":3,"4":3,"5":3,"6":3,"7":4,"8":4,"9":14,"10":1,"11":1,"12":1,"13":1,"14":1,"15":8,"16":1,"17":7,"18":3,"19":2,"20":1,"21":1,"22":1,"23":1,"24":1,"25":1,"26":3,"27":3,"28":3,"29":3,"30":1,"31":1,"32":1,"33":3},"f":{"0":3,"1":3,"2":4,"3":14,"4":1,"5":1,"6":8,"7":3,"8":2,"9":1,"10":1,"11":3,"12":1},"b":{"0":[1,7],"1":[1],"2":[2,1]},"_coverageSchema":"1a1c01bbd47fc00a2c39e90264f33305004495a9","hash":"d32acd6d22ad00cf7f8a99ba0484e851c121f720"}
,"/Users/milindadias/Workspaces/annotationtesting/rskj-docs-generator/rskj-docs-html-generator/rskj-templating-runner/extract-wrapper.js": {"path":"/Users/milindadias/Workspaces/annotationtesting/rskj-docs-generator/rskj-docs-html-generator/rskj-templating-runner/extract-wrapper.js","statementMap":{"0":{"start":{"line":3,"column":16},"end":{"line":3,"column":38}},"1":{"start":{"line":4,"column":11},"end":{"line":4,"column":30}},"2":{"start":{"line":5,"column":15},"end":{"line":5,"column":34}},"3":{"start":{"line":9,"column":15},"end":{"line":9,"column":29}},"4":{"start":{"line":12,"column":4},"end":{"line":14,"column":5}},"5":{"start":{"line":13,"column":6},"end":{"line":13,"column":55}},"6":{"start":{"line":16,"column":4},"end":{"line":16,"column":53}},"7":{"start":{"line":17,"column":4},"end":{"line":17,"column":19}},"8":{"start":{"line":19,"column":30},"end":{"line":19,"column":76}},"9":{"start":{"line":20,"column":4},"end":{"line":20,"column":50}},"10":{"start":{"line":24,"column":4},"end":{"line":24,"column":61}},"11":{"start":{"line":25,"column":4},"end":{"line":25,"column":53}},"12":{"start":{"line":26,"column":4},"end":{"line":26,"column":51}},"13":{"start":{"line":31,"column":4},"end":{"line":32,"column":67}},"14":{"start":{"line":32,"column":27},"end":{"line":32,"column":65}},"15":{"start":{"line":36,"column":4},"end":{"line":36,"column":65}},"16":{"start":{"line":36,"column":35},"end":{"line":36,"column":63}},"17":{"start":{"line":41,"column":0},"end":{"line":41,"column":38}}},"fnMap":{"0":{"name":"(anonymous_0)","decl":{"start":{"line":11,"column":2},"end":{"line":11,"column":3}},"loc":{"start":{"line":11,"column":34},"end":{"line":21,"column":3}},"line":11},"1":{"name":"(anonymous_1)","decl":{"start":{"line":23,"column":2},"end":{"line":23,"column":3}},"loc":{"start":{"line":23,"column":43},"end":{"line":27,"column":3}},"line":23},"2":{"name":"(anonymous_2)","decl":{"start":{"line":29,"column":2},"end":{"line":29,"column":3}},"loc":{"start":{"line":29,"column":28},"end":{"line":33,"column":3}},"line":29},"3":{"name":"(anonymous_3)","decl":{"start":{"line":32,"column":15},"end":{"line":32,"column":16}},"loc":{"start":{"line":32,"column":27},"end":{"line":32,"column":65}},"line":32},"4":{"name":"(anonymous_4)","decl":{"start":{"line":35,"column":2},"end":{"line":35,"column":3}},"loc":{"start":{"line":35,"column":36},"end":{"line":37,"column":3}},"line":35},"5":{"name":"(anonymous_5)","decl":{"start":{"line":36,"column":26},"end":{"line":36,"column":27}},"loc":{"start":{"line":36,"column":35},"end":{"line":36,"column":63}},"line":36}},"branchMap":{"0":{"loc":{"start":{"line":12,"column":4},"end":{"line":14,"column":5}},"type":"if","locations":[{"start":{"line":12,"column":4},"end":{"line":14,"column":5}},{"start":{"line":12,"column":4},"end":{"line":14,"column":5}}],"line":12}},"s":{"0":1,"1":1,"2":1,"3":1,"4":2,"5":1,"6":1,"7":1,"8":1,"9":1,"10":1,"11":1,"12":1,"13":1,"14":1,"15":1,"16":2,"17":1},"f":{"0":2,"1":1,"2":1,"3":1,"4":1,"5":2},"b":{"0":[1,1]},"_coverageSchema":"1a1c01bbd47fc00a2c39e90264f33305004495a9","hash":"b0fe643cadcace8cc8637b847602c715355c409c"}
,"/Users/milindadias/Workspaces/annotationtesting/rskj-docs-generator/rskj-docs-html-generator/rskj-templating-runner/extractor.js": {"path":"/Users/milindadias/Workspaces/annotationtesting/rskj-docs-generator/rskj-docs-html-generator/rskj-templating-runner/extractor.js","statementMap":{"0":{"start":{"line":3,"column":15},"end":{"line":3,"column":32}},"1":{"start":{"line":4,"column":13},"end":{"line":4,"column":36}},"2":{"start":{"line":5,"column":15},"end":{"line":5,"column":34}},"3":{"start":{"line":12,"column":24},"end":{"line":14,"column":56}},"4":{"start":{"line":13,"column":23},"end":{"line":13,"column":51}},"5":{"start":{"line":14,"column":20},"end":{"line":14,"column":55}},"6":{"start":{"line":16,"column":25},"end":{"line":18,"column":56}},"7":{"start":{"line":17,"column":23},"end":{"line":17,"column":51}},"8":{"start":{"line":18,"column":20},"end":{"line":18,"column":55}},"9":{"start":{"line":20,"column":19},"end":{"line":28,"column":8}},"10":{"start":{"line":22,"column":30},"end":{"line":26,"column":9}},"11":{"start":{"line":27,"column":8},"end":{"line":27,"column":29}},"12":{"start":{"line":31,"column":26},"end":{"line":37,"column":5}},"13":{"start":{"line":39,"column":4},"end":{"line":39,"column":67}},"14":{"start":{"line":46,"column":18},"end":{"line":46,"column":34}},"15":{"start":{"line":47,"column":22},"end":{"line":47,"column":96}},"16":{"start":{"line":49,"column":26},"end":{"line":54,"column":5}},"17":{"start":{"line":56,"column":4},"end":{"line":56,"column":88}},"18":{"start":{"line":61,"column":33},"end":{"line":61,"column":108}},"19":{"start":{"line":62,"column":4},"end":{"line":64,"column":15}},"20":{"start":{"line":68,"column":56},"end":{"line":68,"column":76}},"21":{"start":{"line":70,"column":4},"end":{"line":70,"column":45}},"22":{"start":{"line":72,"column":45},"end":{"line":72,"column":59}},"23":{"start":{"line":73,"column":34},"end":{"line":73,"column":54}},"24":{"start":{"line":75,"column":4},"end":{"line":78,"column":7}},"25":{"start":{"line":76,"column":28},"end":{"line":76,"column":70}},"26":{"start":{"line":77,"column":6},"end":{"line":77,"column":108}},"27":{"start":{"line":81,"column":29},"end":{"line":81,"column":34}},"28":{"start":{"line":82,"column":4},"end":{"line":88,"column":7}},"29":{"start":{"line":83,"column":6},"end":{"line":87,"column":9}},"30":{"start":{"line":85,"column":8},"end":{"line":85,"column":88}},"31":{"start":{"line":86,"column":8},"end":{"line":86,"column":34}},"32":{"start":{"line":91,"column":4},"end":{"line":101,"column":5}},"33":{"start":{"line":92,"column":6},"end":{"line":100,"column":9}},"34":{"start":{"line":93,"column":33},"end":{"line":93,"column":85}},"35":{"start":{"line":95,"column":8},"end":{"line":99,"column":9}},"36":{"start":{"line":104,"column":26},"end":{"line":113,"column":5}},"37":{"start":{"line":115,"column":22},"end":{"line":115,"column":69}},"38":{"start":{"line":116,"column":4},"end":{"line":116,"column":64}},"39":{"start":{"line":119,"column":4},"end":{"line":121,"column":5}},"40":{"start":{"line":120,"column":6},"end":{"line":120,"column":72}},"41":{"start":{"line":122,"column":4},"end":{"line":124,"column":5}},"42":{"start":{"line":123,"column":6},"end":{"line":123,"column":87}},"43":{"start":{"line":129,"column":0},"end":{"line":129,"column":33}}},"fnMap":{"0":{"name":"(anonymous_0)","decl":{"start":{"line":9,"column":2},"end":{"line":9,"column":3}},"loc":{"start":{"line":9,"column":41},"end":{"line":40,"column":3}},"line":9},"1":{"name":"(anonymous_1)","decl":{"start":{"line":13,"column":14},"end":{"line":13,"column":15}},"loc":{"start":{"line":13,"column":23},"end":{"line":13,"column":51}},"line":13},"2":{"name":"(anonymous_2)","decl":{"start":{"line":14,"column":11},"end":{"line":14,"column":12}},"loc":{"start":{"line":14,"column":20},"end":{"line":14,"column":55}},"line":14},"3":{"name":"(anonymous_3)","decl":{"start":{"line":17,"column":14},"end":{"line":17,"column":15}},"loc":{"start":{"line":17,"column":23},"end":{"line":17,"column":51}},"line":17},"4":{"name":"(anonymous_4)","decl":{"start":{"line":18,"column":11},"end":{"line":18,"column":12}},"loc":{"start":{"line":18,"column":20},"end":{"line":18,"column":55}},"line":18},"5":{"name":"(anonymous_5)","decl":{"start":{"line":21,"column":11},"end":{"line":21,"column":12}},"loc":{"start":{"line":21,"column":23},"end":{"line":28,"column":7}},"line":21},"6":{"name":"(anonymous_6)","decl":{"start":{"line":45,"column":2},"end":{"line":45,"column":3}},"loc":{"start":{"line":45,"column":33},"end":{"line":57,"column":3}},"line":45},"7":{"name":"(anonymous_7)","decl":{"start":{"line":59,"column":2},"end":{"line":59,"column":3}},"loc":{"start":{"line":59,"column":38},"end":{"line":65,"column":3}},"line":59},"8":{"name":"(anonymous_8)","decl":{"start":{"line":67,"column":2},"end":{"line":67,"column":3}},"loc":{"start":{"line":67,"column":38},"end":{"line":125,"column":3}},"line":67},"9":{"name":"(anonymous_9)","decl":{"start":{"line":75,"column":28},"end":{"line":75,"column":29}},"loc":{"start":{"line":75,"column":55},"end":{"line":78,"column":5}},"line":75},"10":{"name":"(anonymous_10)","decl":{"start":{"line":82,"column":24},"end":{"line":82,"column":25}},"loc":{"start":{"line":82,"column":48},"end":{"line":88,"column":5}},"line":82},"11":{"name":"(anonymous_11)","decl":{"start":{"line":83,"column":33},"end":{"line":83,"column":34}},"loc":{"start":{"line":83,"column":49},"end":{"line":87,"column":7}},"line":83},"12":{"name":"(anonymous_12)","decl":{"start":{"line":92,"column":65},"end":{"line":92,"column":66}},"loc":{"start":{"line":92,"column":79},"end":{"line":100,"column":7}},"line":92}},"branchMap":{"0":{"loc":{"start":{"line":61,"column":33},"end":{"line":61,"column":108}},"type":"binary-expr","locations":[{"start":{"line":61,"column":33},"end":{"line":61,"column":63}},{"start":{"line":61,"column":67},"end":{"line":61,"column":108}}],"line":61},"1":{"loc":{"start":{"line":62,"column":37},"end":{"line":64,"column":14}},"type":"cond-expr","locations":[{"start":{"line":63,"column":8},"end":{"line":63,"column":38}},{"start":{"line":64,"column":8},"end":{"line":64,"column":14}}],"line":62},"2":{"loc":{"start":{"line":91,"column":4},"end":{"line":101,"column":5}},"type":"if","locations":[{"start":{"line":91,"column":4},"end":{"line":101,"column":5}},{"start":{"line":91,"column":4},"end":{"line":101,"column":5}}],"line":91},"3":{"loc":{"start":{"line":119,"column":4},"end":{"line":121,"column":5}},"type":"if","locations":[{"start":{"line":119,"column":4},"end":{"line":121,"column":5}},{"start":{"line":119,"column":4},"end":{"line":121,"column":5}}],"line":119},"4":{"loc":{"start":{"line":122,"column":4},"end":{"line":124,"column":5}},"type":"if","locations":[{"start":{"line":122,"column":4},"end":{"line":124,"column":5}},{"start":{"line":122,"column":4},"end":{"line":124,"column":5}}],"line":122}},"s":{"0":2,"1":2,"2":2,"3":1,"4":2,"5":1,"6":1,"7":2,"8":1,"9":1,"10":1,"11":1,"12":1,"13":1,"14":1,"15":1,"16":1,"17":1,"18":7,"19":7,"20":7,"21":7,"22":7,"23":7,"24":7,"25":7,"26":7,"27":7,"28":7,"29":7,"30":7,"31":7,"32":7,"33":6,"34":6,"35":6,"36":7,"37":7,"38":7,"39":7,"40":4,"41":7,"42":4,"43":2},"f":{"0":1,"1":2,"2":1,"3":2,"4":1,"5":1,"6":1,"7":7,"8":7,"9":7,"10":7,"11":7,"12":6},"b":{"0":[7,7],"1":[6,1],"2":[6,1],"3":[4,3],"4":[4,3]},"_coverageSchema":"1a1c01bbd47fc00a2c39e90264f33305004495a9","hash":"d9e5ab5fbdd6b3465115c4eff21fd6d54d8b757d"}
,"/Users/milindadias/Workspaces/annotationtesting/rskj-docs-generator/rskj-docs-html-generator/rskj-templating-runner/test/common.constants.js": {"path":"/Users/milindadias/Workspaces/annotationtesting/rskj-docs-generator/rskj-docs-html-generator/rskj-templating-runner/test/common.constants.js","statementMap":{"0":{"start":{"line":1,"column":21},"end":{"line":47,"column":1}},"1":{"start":{"line":49,"column":46},"end":{"line":93,"column":1}},"2":{"start":{"line":94,"column":37},"end":{"line":94,"column":970}},"3":{"start":{"line":96,"column":37},"end":{"line":96,"column":152}},"4":{"start":{"line":97,"column":38},"end":{"line":97,"column":129}},"5":{"start":{"line":99,"column":36},"end":{"line":130,"column":1}},"6":{"start":{"line":132,"column":46},"end":{"line":153,"column":1}},"7":{"start":{"line":155,"column":47},"end":{"line":155,"column":637}},"8":{"start":{"line":156,"column":47},"end":{"line":156,"column":947}},"9":{"start":{"line":159,"column":0},"end":{"line":169,"column":1}}},"fnMap":{},"branchMap":{},"s":{"0":2,"1":2,"2":2,"3":2,"4":2,"5":2,"6":2,"7":2,"8":2,"9":2},"f":{},"b":{},"_coverageSchema":"1a1c01bbd47fc00a2c39e90264f33305004495a9","hash":"a4a9039690b81f82e3aa501ff865552ee791815b"}
}
