TN:
SF:common.js
FN:13,(anonymous_0)
FN:15,(anonymous_1)
FN:20,(anonymous_2)
FN:25,(anonymous_3)
FN:31,(anonymous_4)
FN:45,(anonymous_5)
FN:51,(anonymous_6)
FN:56,(anonymous_7)
FN:60,(anonymous_8)
FN:64,(anonymous_9)
FN:74,(anonymous_10)
FN:81,(anonymous_11)
FN:91,(anonymous_12)
FNF:13
FNH:13
FNDA:3,(anonymous_0)
FNDA:3,(anonymous_1)
FNDA:4,(anonymous_2)
FNDA:14,(anonymous_3)
FNDA:1,(anonymous_4)
FNDA:1,(anonymous_5)
FNDA:8,(anonymous_6)
FNDA:3,(anonymous_7)
FNDA:2,(anonymous_8)
FNDA:1,(anonymous_9)
FNDA:1,(anonymous_10)
FNDA:3,(anonymous_11)
FNDA:1,(anonymous_12)
DA:3,3
DA:4,3
DA:6,3
DA:7,3
DA:11,3
DA:16,3
DA:17,3
DA:21,4
DA:22,4
DA:26,14
DA:32,1
DA:33,1
DA:38,1
DA:40,1
DA:46,1
DA:52,8
DA:53,7
DA:57,3
DA:61,2
DA:65,1
DA:66,1
DA:75,1
DA:76,1
DA:77,1
DA:78,1
DA:82,3
DA:86,3
DA:87,3
DA:88,3
DA:92,1
DA:93,1
DA:94,1
DA:99,3
LF:33
LH:33
BRDA:52,0,0,1
BRDA:52,0,1,7
BRDA:81,1,0,1
BRDA:82,2,0,2
BRDA:82,2,1,1
BRF:5
BRH:5
end_of_record
TN:
SF:extract-wrapper.js
FN:11,(anonymous_0)
FN:23,(anonymous_1)
FN:29,(anonymous_2)
FN:32,(anonymous_3)
FN:35,(anonymous_4)
FN:36,(anonymous_5)
FNF:6
FNH:6
FNDA:2,(anonymous_0)
FNDA:1,(anonymous_1)
FNDA:1,(anonymous_2)
FNDA:1,(anonymous_3)
FNDA:1,(anonymous_4)
FNDA:2,(anonymous_5)
DA:3,1
DA:4,1
DA:5,1
DA:9,1
DA:12,2
DA:13,1
DA:16,1
DA:17,1
DA:19,1
DA:20,1
DA:24,1
DA:25,1
DA:26,1
DA:31,1
DA:32,1
DA:36,2
DA:41,1
LF:17
LH:17
BRDA:12,0,0,1
BRDA:12,0,1,1
BRF:2
BRH:2
end_of_record
TN:
SF:extractor.js
FN:9,(anonymous_0)
FN:13,(anonymous_1)
FN:14,(anonymous_2)
FN:17,(anonymous_3)
FN:18,(anonymous_4)
FN:21,(anonymous_5)
FN:45,(anonymous_6)
FN:59,(anonymous_7)
FN:67,(anonymous_8)
FN:75,(anonymous_9)
FN:82,(anonymous_10)
FN:83,(anonymous_11)
FN:92,(anonymous_12)
FNF:13
FNH:13
FNDA:1,(anonymous_0)
FNDA:2,(anonymous_1)
FNDA:1,(anonymous_2)
FNDA:2,(anonymous_3)
FNDA:1,(anonymous_4)
FNDA:1,(anonymous_5)
FNDA:1,(anonymous_6)
FNDA:7,(anonymous_7)
FNDA:7,(anonymous_8)
FNDA:7,(anonymous_9)
FNDA:7,(anonymous_10)
FNDA:7,(anonymous_11)
FNDA:6,(anonymous_12)
DA:3,2
DA:4,2
DA:5,2
DA:12,1
DA:13,2
DA:14,1
DA:16,1
DA:17,2
DA:18,1
DA:20,1
DA:22,1
DA:27,1
DA:31,1
DA:39,1
DA:46,1
DA:47,1
DA:49,1
DA:56,1
DA:61,7
DA:62,7
DA:68,7
DA:70,7
DA:72,7
DA:73,7
DA:75,7
DA:76,7
DA:77,7
DA:81,7
DA:82,7
DA:83,7
DA:85,7
DA:86,7
DA:91,7
DA:92,6
DA:93,6
DA:95,6
DA:104,7
DA:115,7
DA:116,7
DA:119,7
DA:120,4
DA:122,7
DA:123,4
DA:129,2
LF:44
LH:44
BRDA:61,0,0,7
BRDA:61,0,1,7
BRDA:62,1,0,6
BRDA:62,1,1,1
BRDA:91,2,0,6
BRDA:91,2,1,1
BRDA:119,3,0,4
BRDA:119,3,1,3
BRDA:122,4,0,4
BRDA:122,4,1,3
BRF:10
BRH:10
end_of_record
TN:
SF:test/common.constants.js
FNF:0
FNH:0
DA:1,2
DA:49,2
DA:94,2
DA:96,2
DA:97,2
DA:99,2
DA:132,2
DA:155,2
DA:156,2
DA:159,2
LF:10
LH:10
BRF:0
BRH:0
end_of_record
